Found 365 products to process.
   0/365 [░░░░░░░░░░░░░░░░░░░░░░░░░░░░]   0%
   1/365 [░░░░░░░░░░░░░░░░░░░░░░░░░░░░]   0%
   2/365 [░░░░░░░░░░░░░░░░░░░░░░░░░░░░]   0%
   3/365 [░░░░░░░░░░░░░░░░░░░░░░░░░░░░]   0%
   4/365 [░░░░░░░░░░░░░░░░░░░░░░░░░░░░]   1%
   5/365 [░░░░░░░░░░░░░░░░░░░░░░░░░░░░]   1%
   6/365 [░░░░░░░░░░░░░░░░░░░░░░░░░░░░]   1%
   7/365 [░░░░░░░░░░░░░░░░░░░░░░░░░░░░]   1%
   8/365 [░░░░░░░░░░░░░░░░░░░░░░░░░░░░]   2%
   9/365 [░░░░░░░░░░░░░░░░░░░░░░░░░░░░]   2%
  10/365 [░░░░░░░░░░░░░░░░░░░░░░░░░░░░]   2%
  11/365 [░░░░░░░░░░░░░░░░░░░░░░░░░░░░]   3%
  12/365 [░░░░░░░░░░░░░░░░░░░░░░░░░░░░]   3%
  14/365 [▓░░░░░░░░░░░░░░░░░░░░░░░░░░░]   3%
  15/365 [▓░░░░░░░░░░░░░░░░░░░░░░░░░░░]   4%
  16/365 [▓░░░░░░░░░░░░░░░░░░░░░░░░░░░]   4%
  17/365 [▓░░░░░░░░░░░░░░░░░░░░░░░░░░░]   4%
  18/365 [▓░░░░░░░░░░░░░░░░░░░░░░░░░░░]   4%
  19/365 [▓░░░░░░░░░░░░░░░░░░░░░░░░░░░]   5%
  20/365 [▓░░░░░░░░░░░░░░░░░░░░░░░░░░░]   5%
  21/365 [▓░░░░░░░░░░░░░░░░░░░░░░░░░░░]   5%
  22/365 [▓░░░░░░░░░░░░░░░░░░░░░░░░░░░]   6%
  23/365 [▓░░░░░░░░░░░░░░░░░░░░░░░░░░░]   6%
  24/365 [▓░░░░░░░░░░░░░░░░░░░░░░░░░░░]   6%
  25/365 [▓░░░░░░░░░░░░░░░░░░░░░░░░░░░]   6%
  26/365 [▓░░░░░░░░░░░░░░░░░░░░░░░░░░░]   7%
  27/365 [▓▓░░░░░░░░░░░░░░░░░░░░░░░░░░]   7%
  28/365 [▓▓░░░░░░░░░░░░░░░░░░░░░░░░░░]   7%
  32/365 [▓▓░░░░░░░░░░░░░░░░░░░░░░░░░░]   8%
  33/365 [▓▓░░░░░░░░░░░░░░░░░░░░░░░░░░]   9%
  34/365 [▓▓░░░░░░░░░░░░░░░░░░░░░░░░░░]   9%
  35/365 [▓▓░░░░░░░░░░░░░░░░░░░░░░░░░░]   9%
  36/365 [▓▓░░░░░░░░░░░░░░░░░░░░░░░░░░]   9%
  37/365 [▓▓░░░░░░░░░░░░░░░░░░░░░░░░░░]  10%
  38/365 [▓▓░░░░░░░░░░░░░░░░░░░░░░░░░░]  10%
  39/365 [▓▓░░░░░░░░░░░░░░░░░░░░░░░░░░]  10%
  40/365 [▓▓▓░░░░░░░░░░░░░░░░░░░░░░░░░]  10%
  41/365 [▓▓▓░░░░░░░░░░░░░░░░░░░░░░░░░]  11%
  42/365 [▓▓▓░░░░░░░░░░░░░░░░░░░░░░░░░]  11%
  43/365 [▓▓▓░░░░░░░░░░░░░░░░░░░░░░░░░]  11%
  45/365 [▓▓▓░░░░░░░░░░░░░░░░░░░░░░░░░]  12%
  46/365 [▓▓▓░░░░░░░░░░░░░░░░░░░░░░░░░]  12%
  47/365 [▓▓▓░░░░░░░░░░░░░░░░░░░░░░░░░]  12%
  48/365 [▓▓▓░░░░░░░░░░░░░░░░░░░░░░░░░]  13%
  49/365 [▓▓▓░░░░░░░░░░░░░░░░░░░░░░░░░]  13%
  50/365 [▓▓▓░░░░░░░░░░░░░░░░░░░░░░░░░]  13%
  51/365 [▓▓▓░░░░░░░░░░░░░░░░░░░░░░░░░]  13%
  52/365 [▓▓▓░░░░░░░░░░░░░░░░░░░░░░░░░]  14%
  53/365 [▓▓▓▓░░░░░░░░░░░░░░░░░░░░░░░░]  14%
  54/365 [▓▓▓▓░░░░░░░░░░░░░░░░░░░░░░░░]  14%
  55/365 [▓▓▓▓░░░░░░░░░░░░░░░░░░░░░░░░]  15%
  56/365 [▓▓▓▓░░░░░░░░░░░░░░░░░░░░░░░░]  15%
  57/365 [▓▓▓▓░░░░░░░░░░░░░░░░░░░░░░░░]  15%
  58/365 [▓▓▓▓░░░░░░░░░░░░░░░░░░░░░░░░]  15%
  59/365 [▓▓▓▓░░░░░░░░░░░░░░░░░░░░░░░░]  16%
  60/365 [▓▓▓▓░░░░░░░░░░░░░░░░░░░░░░░░]  16%
  61/365 [▓▓▓▓░░░░░░░░░░░░░░░░░░░░░░░░]  16%
  62/365 [▓▓▓▓░░░░░░░░░░░░░░░░░░░░░░░░]  16%
  63/365 [▓▓▓▓░░░░░░░░░░░░░░░░░░░░░░░░]  17%
  64/365 [▓▓▓▓░░░░░░░░░░░░░░░░░░░░░░░░]  17%
  65/365 [▓▓▓▓░░░░░░░░░░░░░░░░░░░░░░░░]  17%
  66/365 [▓▓▓▓▓░░░░░░░░░░░░░░░░░░░░░░░]  18%
  67/365 [▓▓▓▓▓░░░░░░░░░░░░░░░░░░░░░░░]  18%
  68/365 [▓▓▓▓▓░░░░░░░░░░░░░░░░░░░░░░░]  18%
  69/365 [▓▓▓▓▓░░░░░░░░░░░░░░░░░░░░░░░]  18%
  70/365 [▓▓▓▓▓░░░░░░░░░░░░░░░░░░░░░░░]  19%
  71/365 [▓▓▓▓▓░░░░░░░░░░░░░░░░░░░░░░░]  19%
  72/365 [▓▓▓▓▓░░░░░░░░░░░░░░░░░░░░░░░]  19%
  73/365 [▓▓▓▓▓░░░░░░░░░░░░░░░░░░░░░░░]  20%
  74/365 [▓▓▓▓▓░░░░░░░░░░░░░░░░░░░░░░░]  20%
  75/365 [▓▓▓▓▓░░░░░░░░░░░░░░░░░░░░░░░]  20%
  76/365 [▓▓▓▓▓░░░░░░░░░░░░░░░░░░░░░░░]  20%
  77/365 [▓▓▓▓▓░░░░░░░░░░░░░░░░░░░░░░░]  21%
  78/365 [▓▓▓▓▓░░░░░░░░░░░░░░░░░░░░░░░]  21%
  79/365 [▓▓▓▓▓▓░░░░░░░░░░░░░░░░░░░░░░]  21%
  80/365 [▓▓▓▓▓▓░░░░░░░░░░░░░░░░░░░░░░]  21%
  81/365 [▓▓▓▓▓▓░░░░░░░░░░░░░░░░░░░░░░]  22%
  82/365 [▓▓▓▓▓▓░░░░░░░░░░░░░░░░░░░░░░]  22%
  83/365 [▓▓▓▓▓▓░░░░░░░░░░░░░░░░░░░░░░]  22%
  84/365 [▓▓▓▓▓▓░░░░░░░░░░░░░░░░░░░░░░]  23%
  85/365 [▓▓▓▓▓▓░░░░░░░░░░░░░░░░░░░░░░]  23%
  86/365 [▓▓▓▓▓▓░░░░░░░░░░░░░░░░░░░░░░]  23%
  87/365 [▓▓▓▓▓▓░░░░░░░░░░░░░░░░░░░░░░]  23%
  88/365 [▓▓▓▓▓▓░░░░░░░░░░░░░░░░░░░░░░]  24%
  89/365 [▓▓▓▓▓▓░░░░░░░░░░░░░░░░░░░░░░]  24%
  90/365 [▓▓▓▓▓▓░░░░░░░░░░░░░░░░░░░░░░]  24%
  91/365 [▓▓▓▓▓▓░░░░░░░░░░░░░░░░░░░░░░]  24%
  92/365 [▓▓▓▓▓▓▓░░░░░░░░░░░░░░░░░░░░░]  25%
  93/365 [▓▓▓▓▓▓▓░░░░░░░░░░░░░░░░░░░░░]  25%
  94/365 [▓▓▓▓▓▓▓░░░░░░░░░░░░░░░░░░░░░]  25%
  95/365 [▓▓▓▓▓▓▓░░░░░░░░░░░░░░░░░░░░░]  26%
  96/365 [▓▓▓▓▓▓▓░░░░░░░░░░░░░░░░░░░░░]  26%
  97/365 [▓▓▓▓▓▓▓░░░░░░░░░░░░░░░░░░░░░]  26%
  98/365 [▓▓▓▓▓▓▓░░░░░░░░░░░░░░░░░░░░░]  26%
  99/365 [▓▓▓▓▓▓▓░░░░░░░░░░░░░░░░░░░░░]  27%
 100/365 [▓▓▓▓▓▓▓░░░░░░░░░░░░░░░░░░░░░]  27%
 101/365 [▓▓▓▓▓▓▓░░░░░░░░░░░░░░░░░░░░░]  27%
 102/365 [▓▓▓▓▓▓▓░░░░░░░░░░░░░░░░░░░░░]  27%
 103/365 [▓▓▓▓▓▓▓░░░░░░░░░░░░░░░░░░░░░]  28%
 104/365 [▓▓▓▓▓▓▓░░░░░░░░░░░░░░░░░░░░░]  28%
 105/365 [▓▓▓▓▓▓▓▓░░░░░░░░░░░░░░░░░░░░]  28%
 106/365 [▓▓▓▓▓▓▓▓░░░░░░░░░░░░░░░░░░░░]  29%
 107/365 [▓▓▓▓▓▓▓▓░░░░░░░░░░░░░░░░░░░░]  29%
 108/365 [▓▓▓▓▓▓▓▓░░░░░░░░░░░░░░░░░░░░]  29%
 109/365 [▓▓▓▓▓▓▓▓░░░░░░░░░░░░░░░░░░░░]  29%
 110/365 [▓▓▓▓▓▓▓▓░░░░░░░░░░░░░░░░░░░░]  30%
 111/365 [▓▓▓▓▓▓▓▓░░░░░░░░░░░░░░░░░░░░]  30%
 112/365 [▓▓▓▓▓▓▓▓░░░░░░░░░░░░░░░░░░░░]  30%
 113/365 [▓▓▓▓▓▓▓▓░░░░░░░░░░░░░░░░░░░░]  30%
 114/365 [▓▓▓▓▓▓▓▓░░░░░░░░░░░░░░░░░░░░]  31%
 115/365 [▓▓▓▓▓▓▓▓░░░░░░░░░░░░░░░░░░░░]  31%
 116/365 [▓▓▓▓▓▓▓▓░░░░░░░░░░░░░░░░░░░░]  31%
 117/365 [▓▓▓▓▓▓▓▓░░░░░░░░░░░░░░░░░░░░]  32%
 118/365 [▓▓▓▓▓▓▓▓▓░░░░░░░░░░░░░░░░░░░]  32%
 119/365 [▓▓▓▓▓▓▓▓▓░░░░░░░░░░░░░░░░░░░]  32%
 120/365 [▓▓▓▓▓▓▓▓▓░░░░░░░░░░░░░░░░░░░]  32%
 121/365 [▓▓▓▓▓▓▓▓▓░░░░░░░░░░░░░░░░░░░]  33%
 122/365 [▓▓▓▓▓▓▓▓▓░░░░░░░░░░░░░░░░░░░]  33%
 123/365 [▓▓▓▓▓▓▓▓▓░░░░░░░░░░░░░░░░░░░]  33%
 124/365 [▓▓▓▓▓▓▓▓▓░░░░░░░░░░░░░░░░░░░]  33%
 125/365 [▓▓▓▓▓▓▓▓▓░░░░░░░░░░░░░░░░░░░]  34%
 126/365 [▓▓▓▓▓▓▓▓▓░░░░░░░░░░░░░░░░░░░]  34%
 127/365 [▓▓▓▓▓▓▓▓▓░░░░░░░░░░░░░░░░░░░]  34%
 128/365 [▓▓▓▓▓▓▓▓▓░░░░░░░░░░░░░░░░░░░]  35%
 129/365 [▓▓▓▓▓▓▓▓▓░░░░░░░░░░░░░░░░░░░]  35%
 130/365 [▓▓▓▓▓▓▓▓▓░░░░░░░░░░░░░░░░░░░]  35%
 131/365 [▓▓▓▓▓▓▓▓▓▓░░░░░░░░░░░░░░░░░░]  35%
 133/365 [▓▓▓▓▓▓▓▓▓▓░░░░░░░░░░░░░░░░░░]  36%
 134/365 [▓▓▓▓▓▓▓▓▓▓░░░░░░░░░░░░░░░░░░]  36%
 135/365 [▓▓▓▓▓▓▓▓▓▓░░░░░░░░░░░░░░░░░░]  36%
 136/365 [▓▓▓▓▓▓▓▓▓▓░░░░░░░░░░░░░░░░░░]  37%
 137/365 [▓▓▓▓▓▓▓▓▓▓░░░░░░░░░░░░░░░░░░]  37%
 138/365 [▓▓▓▓▓▓▓▓▓▓░░░░░░░░░░░░░░░░░░]  37%
 139/365 [▓▓▓▓▓▓▓▓▓▓░░░░░░░░░░░░░░░░░░]  38%
 140/365 [▓▓▓▓▓▓▓▓▓▓░░░░░░░░░░░░░░░░░░]  38%
 141/365 [▓▓▓▓▓▓▓▓▓▓░░░░░░░░░░░░░░░░░░]  38%
 142/365 [▓▓▓▓▓▓▓▓▓▓░░░░░░░░░░░░░░░░░░]  38%
 143/365 [▓▓▓▓▓▓▓▓▓▓░░░░░░░░░░░░░░░░░░]  39%
 144/365 [▓▓▓▓▓▓▓▓▓▓▓░░░░░░░░░░░░░░░░░]  39%
 145/365 [▓▓▓▓▓▓▓▓▓▓▓░░░░░░░░░░░░░░░░░]  39%
 146/365 [▓▓▓▓▓▓▓▓▓▓▓░░░░░░░░░░░░░░░░░]  40%
 147/365 [▓▓▓▓▓▓▓▓▓▓▓░░░░░░░░░░░░░░░░░]  40%
 148/365 [▓▓▓▓▓▓▓▓▓▓▓░░░░░░░░░░░░░░░░░]  40%
 149/365 [▓▓▓▓▓▓▓▓▓▓▓░░░░░░░░░░░░░░░░░]  40%
 150/365 [▓▓▓▓▓▓▓▓▓▓▓░░░░░░░░░░░░░░░░░]  41%
 151/365 [▓▓▓▓▓▓▓▓▓▓▓░░░░░░░░░░░░░░░░░]  41%
 152/365 [▓▓▓▓▓▓▓▓▓▓▓░░░░░░░░░░░░░░░░░]  41%
 153/365 [▓▓▓▓▓▓▓▓▓▓▓░░░░░░░░░░░░░░░░░]  41%
 154/365 [▓▓▓▓▓▓▓▓▓▓▓░░░░░░░░░░░░░░░░░]  42%
 155/365 [▓▓▓▓▓▓▓▓▓▓▓░░░░░░░░░░░░░░░░░]  42%
 156/365 [▓▓▓▓▓▓▓▓▓▓▓░░░░░░░░░░░░░░░░░]  42%
 157/365 [▓▓▓▓▓▓▓▓▓▓▓▓░░░░░░░░░░░░░░░░]  43%
 158/365 [▓▓▓▓▓▓▓▓▓▓▓▓░░░░░░░░░░░░░░░░]  43%
 159/365 [▓▓▓▓▓▓▓▓▓▓▓▓░░░░░░░░░░░░░░░░]  43%
 160/365 [▓▓▓▓▓▓▓▓▓▓▓▓░░░░░░░░░░░░░░░░]  43%
 161/365 [▓▓▓▓▓▓▓▓▓▓▓▓░░░░░░░░░░░░░░░░]  44%
 162/365 [▓▓▓▓▓▓▓▓▓▓▓▓░░░░░░░░░░░░░░░░]  44%
 163/365 [▓▓▓▓▓▓▓▓▓▓▓▓░░░░░░░░░░░░░░░░]  44%
 164/365 [▓▓▓▓▓▓▓▓▓▓▓▓░░░░░░░░░░░░░░░░]  44%
 165/365 [▓▓▓▓▓▓▓▓▓▓▓▓░░░░░░░░░░░░░░░░]  45%
 166/365 [▓▓▓▓▓▓▓▓▓▓▓▓░░░░░░░░░░░░░░░░]  45%
 167/365 [▓▓▓▓▓▓▓▓▓▓▓▓░░░░░░░░░░░░░░░░]  45%
 168/365 [▓▓▓▓▓▓▓▓▓▓▓▓░░░░░░░░░░░░░░░░]  46%
 169/365 [▓▓▓▓▓▓▓▓▓▓▓▓░░░░░░░░░░░░░░░░]  46%
 170/365 [▓▓▓▓▓▓▓▓▓▓▓▓▓░░░░░░░░░░░░░░░]  46%
 171/365 [▓▓▓▓▓▓▓▓▓▓▓▓▓░░░░░░░░░░░░░░░]  46%
 172/365 [▓▓▓▓▓▓▓▓▓▓▓▓▓░░░░░░░░░░░░░░░]  47%
 173/365 [▓▓▓▓▓▓▓▓▓▓▓▓▓░░░░░░░░░░░░░░░]  47%
 174/365 [▓▓▓▓▓▓▓▓▓▓▓▓▓░░░░░░░░░░░░░░░]  47%
 175/365 [▓▓▓▓▓▓▓▓▓▓▓▓▓░░░░░░░░░░░░░░░]  47%
 176/365 [▓▓▓▓▓▓▓▓▓▓▓▓▓░░░░░░░░░░░░░░░]  48%
 177/365 [▓▓▓▓▓▓▓▓▓▓▓▓▓░░░░░░░░░░░░░░░]  48%
 178/365 [▓▓▓▓▓▓▓▓▓▓▓▓▓░░░░░░░░░░░░░░░]  48%
 179/365 [▓▓▓▓▓▓▓▓▓▓▓▓▓░░░░░░░░░░░░░░░]  49%
 180/365 [▓▓▓▓▓▓▓▓▓▓▓▓▓░░░░░░░░░░░░░░░]  49%
 181/365 [▓▓▓▓▓▓▓▓▓▓▓▓▓░░░░░░░░░░░░░░░]  49%
 182/365 [▓▓▓▓▓▓▓▓▓▓▓▓▓░░░░░░░░░░░░░░░]  49%
 183/365 [▓▓▓▓▓▓▓▓▓▓▓▓▓▓░░░░░░░░░░░░░░]  50%
 184/365 [▓▓▓▓▓▓▓▓▓▓▓▓▓▓░░░░░░░░░░░░░░]  50%
 185/365 [▓▓▓▓▓▓▓▓▓▓▓▓▓▓░░░░░░░░░░░░░░]  50%
 186/365 [▓▓▓▓▓▓▓▓▓▓▓▓▓▓░░░░░░░░░░░░░░]  50%
 187/365 [▓▓▓▓▓▓▓▓▓▓▓▓▓▓░░░░░░░░░░░░░░]  51%
 188/365 [▓▓▓▓▓▓▓▓▓▓▓▓▓▓░░░░░░░░░░░░░░]  51%
 189/365 [▓▓▓▓▓▓▓▓▓▓▓▓▓▓░░░░░░░░░░░░░░]  51%
 190/365 [▓▓▓▓▓▓▓▓▓▓▓▓▓▓░░░░░░░░░░░░░░]  52%
 191/365 [▓▓▓▓▓▓▓▓▓▓▓▓▓▓░░░░░░░░░░░░░░]  52%
 192/365 [▓▓▓▓▓▓▓▓▓▓▓▓▓▓░░░░░░░░░░░░░░]  52%
 194/365 [▓▓▓▓▓▓▓▓▓▓▓▓▓▓░░░░░░░░░░░░░░]  53%
 195/365 [▓▓▓▓▓▓▓▓▓▓▓▓▓▓░░░░░░░░░░░░░░]  53%
 196/365 [▓▓▓▓▓▓▓▓▓▓▓▓▓▓▓░░░░░░░░░░░░░]  53%
 197/365 [▓▓▓▓▓▓▓▓▓▓▓▓▓▓▓░░░░░░░░░░░░░]  53%
 198/365 [▓▓▓▓▓▓▓▓▓▓▓▓▓▓▓░░░░░░░░░░░░░]  54%
 199/365 [▓▓▓▓▓▓▓▓▓▓▓▓▓▓▓░░░░░░░░░░░░░]  54%
 200/365 [▓▓▓▓▓▓▓▓▓▓▓▓▓▓▓░░░░░░░░░░░░░]  54%
 201/365 [▓▓▓▓▓▓▓▓▓▓▓▓▓▓▓░░░░░░░░░░░░░]  55%
 202/365 [▓▓▓▓▓▓▓▓▓▓▓▓▓▓▓░░░░░░░░░░░░░]  55%
 203/365 [▓▓▓▓▓▓▓▓▓▓▓▓▓▓▓░░░░░░░░░░░░░]  55%
 204/365 [▓▓▓▓▓▓▓▓▓▓▓▓▓▓▓░░░░░░░░░░░░░]  55%
 205/365 [▓▓▓▓▓▓▓▓▓▓▓▓▓▓▓░░░░░░░░░░░░░]  56%
 206/365 [▓▓▓▓▓▓▓▓▓▓▓▓▓▓▓░░░░░░░░░░░░░]  56%
 207/365 [▓▓▓▓▓▓▓▓▓▓▓▓▓▓▓░░░░░░░░░░░░░]  56%
 208/365 [▓▓▓▓▓▓▓▓▓▓▓▓▓▓▓░░░░░░░░░░░░░]  56%
 209/365 [▓▓▓▓▓▓▓▓▓▓▓▓▓▓▓▓░░░░░░░░░░░░]  57%
 210/365 [▓▓▓▓▓▓▓▓▓▓▓▓▓▓▓▓░░░░░░░░░░░░]  57%
 211/365 [▓▓▓▓▓▓▓▓▓▓▓▓▓▓▓▓░░░░░░░░░░░░]  57%
 212/365 [▓▓▓▓▓▓▓▓▓▓▓▓▓▓▓▓░░░░░░░░░░░░]  58%
 213/365 [▓▓▓▓▓▓▓▓▓▓▓▓▓▓▓▓░░░░░░░░░░░░]  58%
 214/365 [▓▓▓▓▓▓▓▓▓▓▓▓▓▓▓▓░░░░░░░░░░░░]  58%
 215/365 [▓▓▓▓▓▓▓▓▓▓▓▓▓▓▓▓░░░░░░░░░░░░]  58%
 216/365 [▓▓▓▓▓▓▓▓▓▓▓▓▓▓▓▓░░░░░░░░░░░░]  59%
 217/365 [▓▓▓▓▓▓▓▓▓▓▓▓▓▓▓▓░░░░░░░░░░░░]  59%
 218/365 [▓▓▓▓▓▓▓▓▓▓▓▓▓▓▓▓░░░░░░░░░░░░]  59%
 219/365 [▓▓▓▓▓▓▓▓▓▓▓▓▓▓▓▓░░░░░░░░░░░░]  60%
 220/365 [▓▓▓▓▓▓▓▓▓▓▓▓▓▓▓▓░░░░░░░░░░░░]  60%
 221/365 [▓▓▓▓▓▓▓▓▓▓▓▓▓▓▓▓░░░░░░░░░░░░]  60%
 222/365 [▓▓▓▓▓▓▓▓▓▓▓▓▓▓▓▓▓░░░░░░░░░░░]  60%
 223/365 [▓▓▓▓▓▓▓▓▓▓▓▓▓▓▓▓▓░░░░░░░░░░░]  61%
 224/365 [▓▓▓▓▓▓▓▓▓▓▓▓▓▓▓▓▓░░░░░░░░░░░]  61%
 225/365 [▓▓▓▓▓▓▓▓▓▓▓▓▓▓▓▓▓░░░░░░░░░░░]  61%
 226/365 [▓▓▓▓▓▓▓▓▓▓▓▓▓▓▓▓▓░░░░░░░░░░░]  61%
 227/365 [▓▓▓▓▓▓▓▓▓▓▓▓▓▓▓▓▓░░░░░░░░░░░]  62%
 228/365 [▓▓▓▓▓▓▓▓▓▓▓▓▓▓▓▓▓░░░░░░░░░░░]  62%
 229/365 [▓▓▓▓▓▓▓▓▓▓▓▓▓▓▓▓▓░░░░░░░░░░░]  62%
 230/365 [▓▓▓▓▓▓▓▓▓▓▓▓▓▓▓▓▓░░░░░░░░░░░]  63%
 231/365 [▓▓▓▓▓▓▓▓▓▓▓▓▓▓▓▓▓░░░░░░░░░░░]  63%
 232/365 [▓▓▓▓▓▓▓▓▓▓▓▓▓▓▓▓▓░░░░░░░░░░░]  63%
 233/365 [▓▓▓▓▓▓▓▓▓▓▓▓▓▓▓▓▓░░░░░░░░░░░]  63%
 235/365 [▓▓▓▓▓▓▓▓▓▓▓▓▓▓▓▓▓▓░░░░░░░░░░]  64%
 236/365 [▓▓▓▓▓▓▓▓▓▓▓▓▓▓▓▓▓▓░░░░░░░░░░]  64%
 238/365 [▓▓▓▓▓▓▓▓▓▓▓▓▓▓▓▓▓▓░░░░░░░░░░]  65%
 239/365 [▓▓▓▓▓▓▓▓▓▓▓▓▓▓▓▓▓▓░░░░░░░░░░]  65%
 240/365 [▓▓▓▓▓▓▓▓▓▓▓▓▓▓▓▓▓▓░░░░░░░░░░]  65%
 241/365 [▓▓▓▓▓▓▓▓▓▓▓▓▓▓▓▓▓▓░░░░░░░░░░]  66%
 242/365 [▓▓▓▓▓▓▓▓▓▓▓▓▓▓▓▓▓▓░░░░░░░░░░]  66%
 243/365 [▓▓▓▓▓▓▓▓▓▓▓▓▓▓▓▓▓▓░░░░░░░░░░]  66%
 244/365 [▓▓▓▓▓▓▓▓▓▓▓▓▓▓▓▓▓▓░░░░░░░░░░]  66%
 246/365 [▓▓▓▓▓▓▓▓▓▓▓▓▓▓▓▓▓▓░░░░░░░░░░]  67%
 247/365 [▓▓▓▓▓▓▓▓▓▓▓▓▓▓▓▓▓▓░░░░░░░░░░]  67%
 248/365 [▓▓▓▓▓▓▓▓▓▓▓▓▓▓▓▓▓▓▓░░░░░░░░░]  67%
 249/365 [▓▓▓▓▓▓▓▓▓▓▓▓▓▓▓▓▓▓▓░░░░░░░░░]  68%
 251/365 [▓▓▓▓▓▓▓▓▓▓▓▓▓▓▓▓▓▓▓░░░░░░░░░]  68%
 252/365 [▓▓▓▓▓▓▓▓▓▓▓▓▓▓▓▓▓▓▓░░░░░░░░░]  69%
 254/365 [▓▓▓▓▓▓▓▓▓▓▓▓▓▓▓▓▓▓▓░░░░░░░░░]  69%
 256/365 [▓▓▓▓▓▓▓▓▓▓▓▓▓▓▓▓▓▓▓░░░░░░░░░]  70%
 258/365 [▓▓▓▓▓▓▓▓▓▓▓▓▓▓▓▓▓▓▓░░░░░░░░░]  70%
 259/365 [▓▓▓▓▓▓▓▓▓▓▓▓▓▓▓▓▓▓▓░░░░░░░░░]  70%
 260/365 [▓▓▓▓▓▓▓▓▓▓▓▓▓▓▓▓▓▓▓░░░░░░░░░]  71%
 261/365 [▓▓▓▓▓▓▓▓▓▓▓▓▓▓▓▓▓▓▓▓░░░░░░░░]  71%
 262/365 [▓▓▓▓▓▓▓▓▓▓▓▓▓▓▓▓▓▓▓▓░░░░░░░░]  71%
 264/365 [▓▓▓▓▓▓▓▓▓▓▓▓▓▓▓▓▓▓▓▓░░░░░░░░]  72%
 266/365 [▓▓▓▓▓▓▓▓▓▓▓▓▓▓▓▓▓▓▓▓░░░░░░░░]  72%
 267/365 [▓▓▓▓▓▓▓▓▓▓▓▓▓▓▓▓▓▓▓▓░░░░░░░░]  73%
 268/365 [▓▓▓▓▓▓▓▓▓▓▓▓▓▓▓▓▓▓▓▓░░░░░░░░]  73%
 269/365 [▓▓▓▓▓▓▓▓▓▓▓▓▓▓▓▓▓▓▓▓░░░░░░░░]  73%
 270/365 [▓▓▓▓▓▓▓▓▓▓▓▓▓▓▓▓▓▓▓▓░░░░░░░░]  73%
 271/365 [▓▓▓▓▓▓▓▓▓▓▓▓▓▓▓▓▓▓▓▓░░░░░░░░]  74%
 272/365 [▓▓▓▓▓▓▓▓▓▓▓▓▓▓▓▓▓▓▓▓░░░░░░░░]  74%
 273/365 [▓▓▓▓▓▓▓▓▓▓▓▓▓▓▓▓▓▓▓▓░░░░░░░░]  74%
 274/365 [▓▓▓▓▓▓▓▓▓▓▓▓▓▓▓▓▓▓▓▓▓░░░░░░░]  75%
 275/365 [▓▓▓▓▓▓▓▓▓▓▓▓▓▓▓▓▓▓▓▓▓░░░░░░░]  75%
 276/365 [▓▓▓▓▓▓▓▓▓▓▓▓▓▓▓▓▓▓▓▓▓░░░░░░░]  75%
 277/365 [▓▓▓▓▓▓▓▓▓▓▓▓▓▓▓▓▓▓▓▓▓░░░░░░░]  75%
 278/365 [▓▓▓▓▓▓▓▓▓▓▓▓▓▓▓▓▓▓▓▓▓░░░░░░░]  76%
 279/365 [▓▓▓▓▓▓▓▓▓▓▓▓▓▓▓▓▓▓▓▓▓░░░░░░░]  76%
 280/365 [▓▓▓▓▓▓▓▓▓▓▓▓▓▓▓▓▓▓▓▓▓░░░░░░░]  76%
 281/365 [▓▓▓▓▓▓▓▓▓▓▓▓▓▓▓▓▓▓▓▓▓░░░░░░░]  76%
 282/365 [▓▓▓▓▓▓▓▓▓▓▓▓▓▓▓▓▓▓▓▓▓░░░░░░░]  77%
 283/365 [▓▓▓▓▓▓▓▓▓▓▓▓▓▓▓▓▓▓▓▓▓░░░░░░░]  77%
 284/365 [▓▓▓▓▓▓▓▓▓▓▓▓▓▓▓▓▓▓▓▓▓░░░░░░░]  77%
 285/365 [▓▓▓▓▓▓▓▓▓▓▓▓▓▓▓▓▓▓▓▓▓░░░░░░░]  78%
 286/365 [▓▓▓▓▓▓▓▓▓▓▓▓▓▓▓▓▓▓▓▓▓░░░░░░░]  78%
 287/365 [▓▓▓▓▓▓▓▓▓▓▓▓▓▓▓▓▓▓▓▓▓▓░░░░░░]  78%
 288/365 [▓▓▓▓▓▓▓▓▓▓▓▓▓▓▓▓▓▓▓▓▓▓░░░░░░]  78%
 289/365 [▓▓▓▓▓▓▓▓▓▓▓▓▓▓▓▓▓▓▓▓▓▓░░░░░░]  79%
 290/365 [▓▓▓▓▓▓▓▓▓▓▓▓▓▓▓▓▓▓▓▓▓▓░░░░░░]  79%
 291/365 [▓▓▓▓▓▓▓▓▓▓▓▓▓▓▓▓▓▓▓▓▓▓░░░░░░]  79%
 292/365 [▓▓▓▓▓▓▓▓▓▓▓▓▓▓▓▓▓▓▓▓▓▓░░░░░░]  80%
 293/365 [▓▓▓▓▓▓▓▓▓▓▓▓▓▓▓▓▓▓▓▓▓▓░░░░░░]  80%
 294/365 [▓▓▓▓▓▓▓▓▓▓▓▓▓▓▓▓▓▓▓▓▓▓░░░░░░]  80%
 295/365 [▓▓▓▓▓▓▓▓▓▓▓▓▓▓▓▓▓▓▓▓▓▓░░░░░░]  80%
 296/365 [▓▓▓▓▓▓▓▓▓▓▓▓▓▓▓▓▓▓▓▓▓▓░░░░░░]  81%
 297/365 [▓▓▓▓▓▓▓▓▓▓▓▓▓▓▓▓▓▓▓▓▓▓░░░░░░]  81%
 298/365 [▓▓▓▓▓▓▓▓▓▓▓▓▓▓▓▓▓▓▓▓▓▓░░░░░░]  81%
 299/365 [▓▓▓▓▓▓▓▓▓▓▓▓▓▓▓▓▓▓▓▓▓▓░░░░░░]  81%
 300/365 [▓▓▓▓▓▓▓▓▓▓▓▓▓▓▓▓▓▓▓▓▓▓▓░░░░░]  82%
 301/365 [▓▓▓▓▓▓▓▓▓▓▓▓▓▓▓▓▓▓▓▓▓▓▓░░░░░]  82%
 302/365 [▓▓▓▓▓▓▓▓▓▓▓▓▓▓▓▓▓▓▓▓▓▓▓░░░░░]  82%
 303/365 [▓▓▓▓▓▓▓▓▓▓▓▓▓▓▓▓▓▓▓▓▓▓▓░░░░░]  83%
 304/365 [▓▓▓▓▓▓▓▓▓▓▓▓▓▓▓▓▓▓▓▓▓▓▓░░░░░]  83%
 305/365 [▓▓▓▓▓▓▓▓▓▓▓▓▓▓▓▓▓▓▓▓▓▓▓░░░░░]  83%
 306/365 [▓▓▓▓▓▓▓▓▓▓▓▓▓▓▓▓▓▓▓▓▓▓▓░░░░░]  83%
 307/365 [▓▓▓▓▓▓▓▓▓▓▓▓▓▓▓▓▓▓▓▓▓▓▓░░░░░]  84%
 308/365 [▓▓▓▓▓▓▓▓▓▓▓▓▓▓▓▓▓▓▓▓▓▓▓░░░░░]  84%
 309/365 [▓▓▓▓▓▓▓▓▓▓▓▓▓▓▓▓▓▓▓▓▓▓▓░░░░░]  84%
 310/365 [▓▓▓▓▓▓▓▓▓▓▓▓▓▓▓▓▓▓▓▓▓▓▓░░░░░]  84%
 311/365 [▓▓▓▓▓▓▓▓▓▓▓▓▓▓▓▓▓▓▓▓▓▓▓░░░░░]  85%
 312/365 [▓▓▓▓▓▓▓▓▓▓▓▓▓▓▓▓▓▓▓▓▓▓▓░░░░░]  85%
 313/365 [▓▓▓▓▓▓▓▓▓▓▓▓▓▓▓▓▓▓▓▓▓▓▓▓░░░░]  85%
 314/365 [▓▓▓▓▓▓▓▓▓▓▓▓▓▓▓▓▓▓▓▓▓▓▓▓░░░░]  86%
 315/365 [▓▓▓▓▓▓▓▓▓▓▓▓▓▓▓▓▓▓▓▓▓▓▓▓░░░░]  86%
 316/365 [▓▓▓▓▓▓▓▓▓▓▓▓▓▓▓▓▓▓▓▓▓▓▓▓░░░░]  86%
 317/365 [▓▓▓▓▓▓▓▓▓▓▓▓▓▓▓▓▓▓▓▓▓▓▓▓░░░░]  86%
 318/365 [▓▓▓▓▓▓▓▓▓▓▓▓▓▓▓▓▓▓▓▓▓▓▓▓░░░░]  87%
 319/365 [▓▓▓▓▓▓▓▓▓▓▓▓▓▓▓▓▓▓▓▓▓▓▓▓░░░░]  87%
 320/365 [▓▓▓▓▓▓▓▓▓▓▓▓▓▓▓▓▓▓▓▓▓▓▓▓░░░░]  87%
 321/365 [▓▓▓▓▓▓▓▓▓▓▓▓▓▓▓▓▓▓▓▓▓▓▓▓░░░░]  87%
 322/365 [▓▓▓▓▓▓▓▓▓▓▓▓▓▓▓▓▓▓▓▓▓▓▓▓░░░░]  88%
 323/365 [▓▓▓▓▓▓▓▓▓▓▓▓▓▓▓▓▓▓▓▓▓▓▓▓░░░░]  88%
 324/365 [▓▓▓▓▓▓▓▓▓▓▓▓▓▓▓▓▓▓▓▓▓▓▓▓░░░░]  88%
 325/365 [▓▓▓▓▓▓▓▓▓▓▓▓▓▓▓▓▓▓▓▓▓▓▓▓░░░░]  89%
 326/365 [▓▓▓▓▓▓▓▓▓▓▓▓▓▓▓▓▓▓▓▓▓▓▓▓▓░░░]  89%
 327/365 [▓▓▓▓▓▓▓▓▓▓▓▓▓▓▓▓▓▓▓▓▓▓▓▓▓░░░]  89%
 328/365 [▓▓▓▓▓▓▓▓▓▓▓▓▓▓▓▓▓▓▓▓▓▓▓▓▓░░░]  89%
 329/365 [▓▓▓▓▓▓▓▓▓▓▓▓▓▓▓▓▓▓▓▓▓▓▓▓▓░░░]  90%
 330/365 [▓▓▓▓▓▓▓▓▓▓▓▓▓▓▓▓▓▓▓▓▓▓▓▓▓░░░]  90%
 331/365 [▓▓▓▓▓▓▓▓▓▓▓▓▓▓▓▓▓▓▓▓▓▓▓▓▓░░░]  90%
 332/365 [▓▓▓▓▓▓▓▓▓▓▓▓▓▓▓▓▓▓▓▓▓▓▓▓▓░░░]  90%
 333/365 [▓▓▓▓▓▓▓▓▓▓▓▓▓▓▓▓▓▓▓▓▓▓▓▓▓░░░]  91%
 334/365 [▓▓▓▓▓▓▓▓▓▓▓▓▓▓▓▓▓▓▓▓▓▓▓▓▓░░░]  91%
 335/365 [▓▓▓▓▓▓▓▓▓▓▓▓▓▓▓▓▓▓▓▓▓▓▓▓▓░░░]  91%
 336/365 [▓▓▓▓▓▓▓▓▓▓▓▓▓▓▓▓▓▓▓▓▓▓▓▓▓░░░]  92%
 337/365 [▓▓▓▓▓▓▓▓▓▓▓▓▓▓▓▓▓▓▓▓▓▓▓▓▓░░░]  92%
 338/365 [▓▓▓▓▓▓▓▓▓▓▓▓▓▓▓▓▓▓▓▓▓▓▓▓▓░░░]  92%
 339/365 [▓▓▓▓▓▓▓▓▓▓▓▓▓▓▓▓▓▓▓▓▓▓▓▓▓▓░░]  92%
 340/365 [▓▓▓▓▓▓▓▓▓▓▓▓▓▓▓▓▓▓▓▓▓▓▓▓▓▓░░]  93%
 341/365 [▓▓▓▓▓▓▓▓▓▓▓▓▓▓▓▓▓▓▓▓▓▓▓▓▓▓░░]  93%
 342/365 [▓▓▓▓▓▓▓▓▓▓▓▓▓▓▓▓▓▓▓▓▓▓▓▓▓▓░░]  93%
 343/365 [▓▓▓▓▓▓▓▓▓▓▓▓▓▓▓▓▓▓▓▓▓▓▓▓▓▓░░]  93%
 344/365 [▓▓▓▓▓▓▓▓▓▓▓▓▓▓▓▓▓▓▓▓▓▓▓▓▓▓░░]  94%
 345/365 [▓▓▓▓▓▓▓▓▓▓▓▓▓▓▓▓▓▓▓▓▓▓▓▓▓▓░░]  94%
 346/365 [▓▓▓▓▓▓▓▓▓▓▓▓▓▓▓▓▓▓▓▓▓▓▓▓▓▓░░]  94%
 347/365 [▓▓▓▓▓▓▓▓▓▓▓▓▓▓▓▓▓▓▓▓▓▓▓▓▓▓░░]  95%
 348/365 [▓▓▓▓▓▓▓▓▓▓▓▓▓▓▓▓▓▓▓▓▓▓▓▓▓▓░░]  95%
 349/365 [▓▓▓▓▓▓▓▓▓▓▓▓▓▓▓▓▓▓▓▓▓▓▓▓▓▓░░]  95%
 350/365 [▓▓▓▓▓▓▓▓▓▓▓▓▓▓▓▓▓▓▓▓▓▓▓▓▓▓░░]  95%
 351/365 [▓▓▓▓▓▓▓▓▓▓▓▓▓▓▓▓▓▓▓▓▓▓▓▓▓▓░░]  96%
 352/365 [▓▓▓▓▓▓▓▓▓▓▓▓▓▓▓▓▓▓▓▓▓▓▓▓▓▓▓░]  96%
 353/365 [▓▓▓▓▓▓▓▓▓▓▓▓▓▓▓▓▓▓▓▓▓▓▓▓▓▓▓░]  96%
 354/365 [▓▓▓▓▓▓▓▓▓▓▓▓▓▓▓▓▓▓▓▓▓▓▓▓▓▓▓░]  96%
 355/365 [▓▓▓▓▓▓▓▓▓▓▓▓▓▓▓▓▓▓▓▓▓▓▓▓▓▓▓░]  97%
 356/365 [▓▓▓▓▓▓▓▓▓▓▓▓▓▓▓▓▓▓▓▓▓▓▓▓▓▓▓░]  97%
 357/365 [▓▓▓▓▓▓▓▓▓▓▓▓▓▓▓▓▓▓▓▓▓▓▓▓▓▓▓░]  97%
 358/365 [▓▓▓▓▓▓▓▓▓▓▓▓▓▓▓▓▓▓▓▓▓▓▓▓▓▓▓░]  98%
 359/365 [▓▓▓▓▓▓▓▓▓▓▓▓▓▓▓▓▓▓▓▓▓▓▓▓▓▓▓░]  98%
 360/365 [▓▓▓▓▓▓▓▓▓▓▓▓▓▓▓▓▓▓▓▓▓▓▓▓▓▓▓░]  98%
 361/365 [▓▓▓▓▓▓▓▓▓▓▓▓▓▓▓▓▓▓▓▓▓▓▓▓▓▓▓░]  98%
 362/365 [▓▓▓▓▓▓▓▓▓▓▓▓▓▓▓▓▓▓▓▓▓▓▓▓▓▓▓░]  99%
 363/365 [▓▓▓▓▓▓▓▓▓▓▓▓▓▓▓▓▓▓▓▓▓▓▓▓▓▓▓░]  99%
 364/365 [▓▓▓▓▓▓▓▓▓▓▓▓▓▓▓▓▓▓▓▓▓▓▓▓▓▓▓░]  99%
 365/365 [▓▓▓▓▓▓▓▓▓▓▓▓▓▓▓▓▓▓▓▓▓▓▓▓▓▓▓▓] 100%

Finished processing.
Successfully updated: 365
Failed: 0
